<?xml version="1.0" encoding="UTF-8"?>
<!-- Generated by org.testng.reporters.JUnitXMLReporter -->
<testsuite ignored="0" hostname="DESKTOP-35QI2EL" failures="0" tests="4" name="Test" time="126.579" errors="0" timestamp="2024-08-30T16:07:45 IST">
  <testcase classname="testCase_POM.TestCase4" name="purchase" time="15.706"/>
  <testcase classname="testCase_POM.TestCase3" name="register" time="11.652"/>
  <testcase classname="testCase_POM.TestCase2" name="search_product" time="48.778"/>
  <testcase classname="testCase_POM.TestCase1" name="login_amazon" time="9.109"/>
</testsuite> <!-- Test -->
