<?xml version="1.0" encoding="UTF-8"?>
<!-- Generated by org.testng.reporters.JUnitXMLReporter -->
<testsuite ignored="0" hostname="DESKTOP-35QI2EL" failures="0" tests="5" name="Test" time="146.41" errors="0" timestamp="2024-08-30T16:28:53 IST">
  <testcase classname="testCase_POM.TestCase4" name="purchase" time="14.65"/>
  <testcase classname="testCase_POM.TestCase3" name="register" time="10.744">
    <skipped/>
  </testcase> <!-- register -->
  <testcase classname="testCase_POM.TestCase3" name="register" time="8.098"/>
  <testcase classname="testCase_POM.TestCase2" name="search_product" time="43.897"/>
  <testcase classname="testCase_POM.TestCase1" name="login_amazon" time="8.979"/>
</testsuite> <!-- Test -->
