<?xml version="1.0" encoding="UTF-8"?>
<!-- Generated by org.testng.reporters.JUnitXMLReporter -->
<testsuite ignored="0" hostname="DESKTOP-35QI2EL" failures="0" tests="4" name="Test" time="119.512" errors="0" timestamp="2024-08-30T16:12:28 IST">
  <testcase classname="testCase_POM.TestCase4" name="purchase" time="16.228"/>
  <testcase classname="testCase_POM.TestCase3" name="register" time="10.984"/>
  <testcase classname="testCase_POM.TestCase2" name="search_product" time="40.954"/>
  <testcase classname="testCase_POM.TestCase1" name="login_amazon" time="11.288"/>
</testsuite> <!-- Test -->
