<?xml version="1.0" encoding="UTF-8"?>
<!-- Generated by org.testng.reporters.JUnitXMLReporter -->
<testsuite ignored="0" hostname="DESKTOP-35QI2EL" failures="0" tests="4" name="Test" time="112.646" errors="0" timestamp="2024-08-30T15:58:29 IST">
  <testcase classname="testCase_POM.TestCase4" name="purchase" time="12.247"/>
  <testcase classname="testCase_POM.TestCase3" name="register" time="7.572"/>
  <testcase classname="testCase_POM.TestCase2" name="search_product" time="39.674"/>
  <testcase classname="testCase_POM.TestCase1" name="login_amazon" time="6.058"/>
</testsuite> <!-- Test -->
