<?xml version="1.0" encoding="UTF-8"?>
<testng-results ignored="0" total="4" passed="4" failed="0" skipped="0">
  <reporter-output>
    <line>
      <![CDATA[test case is pass]]>
    </line>
    <line>
      <![CDATA[test case is pass]]>
    </line>
    <line>
      <![CDATA[test case is pass]]>
    </line>
    <line>
      <![CDATA[test case is pass]]>
    </line>
  </reporter-output>
  <suite started-at="2024-08-30T15:56:36 IST" name="Suite" finished-at="2024-08-30T15:58:29 IST" duration-ms="112646">
    <groups>
    </groups>
    <test started-at="2024-08-30T15:56:36 IST" name="Test" finished-at="2024-08-30T15:58:29 IST" duration-ms="112646">
      <class name="testCase_POM.TestCase2">
        <test-method is-config="true" signature="launch()[pri:0, instance:testCase_POM.TestCase2@6bd61f98]" started-at="2024-08-30T15:57:18 IST" name="launch" finished-at="2024-08-30T15:57:27 IST" duration-ms="9254" status="PASS">
          <reporter-output>
          </reporter-output>
        </test-method> <!-- launch -->
        <test-method signature="search_product()[pri:0, instance:testCase_POM.TestCase2@6bd61f98]" started-at="2024-08-30T15:57:27 IST" name="search_product" finished-at="2024-08-30T15:58:07 IST" duration-ms="39674" status="PASS">
          <reporter-output>
            <line>
              <![CDATA[test case is pass]]>
            </line>
          </reporter-output>
        </test-method> <!-- search_product -->
        <test-method is-config="true" signature="post1()[pri:0, instance:testCase_POM.TestCase2@6bd61f98]" started-at="2024-08-30T15:58:07 IST" name="post1" finished-at="2024-08-30T15:58:08 IST" duration-ms="579" status="PASS">
          <reporter-output>
          </reporter-output>
        </test-method> <!-- post1 -->
      </class> <!-- testCase_POM.TestCase2 -->
      <class name="testCase_POM.TestCase1">
        <test-method is-config="true" signature="launch()[pri:0, instance:testCase_POM.TestCase1@48aca48b]" started-at="2024-08-30T15:58:08 IST" name="launch" finished-at="2024-08-30T15:58:18 IST" duration-ms="10416" status="PASS">
          <reporter-output>
          </reporter-output>
        </test-method> <!-- launch -->
        <test-method signature="login_amazon()[pri:0, instance:testCase_POM.TestCase1@48aca48b]" started-at="2024-08-30T15:58:18 IST" name="login_amazon" finished-at="2024-08-30T15:58:24 IST" duration-ms="6058" status="PASS">
          <reporter-output>
            <line>
              <![CDATA[test case is pass]]>
            </line>
          </reporter-output>
        </test-method> <!-- login_amazon -->
        <test-method is-config="true" signature="post1()[pri:0, instance:testCase_POM.TestCase1@48aca48b]" started-at="2024-08-30T15:58:29 IST" name="post1" finished-at="2024-08-30T15:58:29 IST" duration-ms="252" status="PASS">
          <reporter-output>
          </reporter-output>
        </test-method> <!-- post1 -->
      </class> <!-- testCase_POM.TestCase1 -->
      <class name="testCase_POM.TestCase4">
        <test-method is-config="true" signature="launch()[pri:0, instance:testCase_POM.TestCase4@5a56cdac]" started-at="2024-08-30T15:56:36 IST" name="launch" finished-at="2024-08-30T15:56:48 IST" duration-ms="11175" status="PASS">
          <reporter-output>
          </reporter-output>
        </test-method> <!-- launch -->
        <test-method signature="purchase()[pri:0, instance:testCase_POM.TestCase4@5a56cdac]" started-at="2024-08-30T15:56:48 IST" name="purchase" finished-at="2024-08-30T15:57:00 IST" duration-ms="12247" status="PASS">
          <reporter-output>
            <line>
              <![CDATA[test case is pass]]>
            </line>
          </reporter-output>
        </test-method> <!-- purchase -->
        <test-method is-config="true" signature="post1()[pri:0, instance:testCase_POM.TestCase4@5a56cdac]" started-at="2024-08-30T15:57:00 IST" name="post1" finished-at="2024-08-30T15:57:01 IST" duration-ms="604" status="PASS">
          <reporter-output>
          </reporter-output>
        </test-method> <!-- post1 -->
      </class> <!-- testCase_POM.TestCase4 -->
      <class name="testCase_POM.TestCase3">
        <test-method is-config="true" signature="launch()[pri:0, instance:testCase_POM.TestCase3@4efac082]" started-at="2024-08-30T15:57:01 IST" name="launch" finished-at="2024-08-30T15:57:10 IST" duration-ms="9481" status="PASS">
          <reporter-output>
          </reporter-output>
        </test-method> <!-- launch -->
        <test-method signature="register()[pri:0, instance:testCase_POM.TestCase3@4efac082]" started-at="2024-08-30T15:57:10 IST" name="register" finished-at="2024-08-30T15:57:18 IST" duration-ms="7572" status="PASS">
          <reporter-output>
            <line>
              <![CDATA[test case is pass]]>
            </line>
          </reporter-output>
        </test-method> <!-- register -->
        <test-method is-config="true" signature="post1()[pri:0, instance:testCase_POM.TestCase3@4efac082]" started-at="2024-08-30T15:57:18 IST" name="post1" finished-at="2024-08-30T15:57:18 IST" duration-ms="284" status="PASS">
          <reporter-output>
          </reporter-output>
        </test-method> <!-- post1 -->
      </class> <!-- testCase_POM.TestCase3 -->
    </test> <!-- Test -->
  </suite> <!-- Suite -->
</testng-results>
