<?xml version="1.0" encoding="UTF-8"?>
<testng-results ignored="0" total="1" passed="1" failed="0" skipped="0">
  <reporter-output>
    <line>
      <![CDATA[test case is pass]]>
    </line>
  </reporter-output>
  <suite started-at="2024-08-29T17:19:18 IST" name="Default suite" finished-at="2024-08-29T17:19:39 IST" duration-ms="21093">
    <groups>
    </groups>
    <test started-at="2024-08-29T17:19:18 IST" name="Default test" finished-at="2024-08-29T17:19:39 IST" duration-ms="21093">
      <class name="testCase_POM.TestCase3">
        <test-method is-config="true" signature="Launch_Browser()[pri:0, instance:testCase_POM.TestCase3@2c35e847]" started-at="2024-08-29T17:19:18 IST" name="Launch_Browser" finished-at="2024-08-29T17:19:25 IST" duration-ms="7215" status="PASS">
          <reporter-output>
          </reporter-output>
        </test-method> <!-- Launch_Browser -->
        <test-method signature="register()[pri:0, instance:testCase_POM.TestCase3@2c35e847]" started-at="2024-08-29T17:19:25 IST" name="register" finished-at="2024-08-29T17:19:37 IST" duration-ms="11672" status="PASS">
          <reporter-output>
            <line>
              <![CDATA[test case is pass]]>
            </line>
          </reporter-output>
        </test-method> <!-- register -->
        <test-method is-config="true" signature="quit_browser()[pri:0, instance:testCase_POM.TestCase3@2c35e847]" started-at="2024-08-29T17:19:37 IST" name="quit_browser" finished-at="2024-08-29T17:19:39 IST" duration-ms="2002" status="PASS">
          <reporter-output>
          </reporter-output>
        </test-method> <!-- quit_browser -->
      </class> <!-- testCase_POM.TestCase3 -->
    </test> <!-- Default test -->
  </suite> <!-- Default suite -->
</testng-results>
